INFO: [VRFC 10-2263] Analyzing Verilog file "D:/Xilinx/singel_cpu/project_1/project_1.sim/sim_1/synth/timing/testbench_time_synth.v" into library xil_defaultlib
INFO: [VRFC 10-311] analyzing module RAM32M_UNIQ_BASE_
INFO: [VRFC 10-311] analyzing module RAM32M_HD1
INFO: [VRFC 10-311] analyzing module RAM32M_HD10
INFO: [VRFC 10-311] analyzing module RAM32M_HD11
INFO: [VRFC 10-311] analyzing module RAM32M_HD2
INFO: [VRFC 10-311] analyzing module RAM32M_HD3
INFO: [VRFC 10-311] analyzing module RAM32M_HD4
INFO: [VRFC 10-311] analyzing module RAM32M_HD5
INFO: [VRFC 10-311] analyzing module RAM32M_HD6
INFO: [VRFC 10-311] analyzing module RAM32M_HD7
INFO: [VRFC 10-311] analyzing module RAM32M_HD8
INFO: [VRFC 10-311] analyzing module RAM32M_HD9
INFO: [VRFC 10-311] analyzing module adder
INFO: [VRFC 10-311] analyzing module adder_3
INFO: [VRFC 10-311] analyzing module alu
INFO: [VRFC 10-311] analyzing module aludec
INFO: [VRFC 10-311] analyzing module controller
INFO: [VRFC 10-311] analyzing module data_mem
INFO: [VRFC 10-311] analyzing module datapath
INFO: [VRFC 10-311] analyzing module eqcmp
INFO: [VRFC 10-311] analyzing module flopenr
INFO: [VRFC 10-311] analyzing module flopenr_4
INFO: [VRFC 10-311] analyzing module flopenrc
INFO: [VRFC 10-311] analyzing module flopenrc_5
INFO: [VRFC 10-311] analyzing module flopenrc_6
INFO: [VRFC 10-311] analyzing module flopenrc_9
INFO: [VRFC 10-311] analyzing module flopenrc__parameterized0
INFO: [VRFC 10-311] analyzing module flopenrc__parameterized1
INFO: [VRFC 10-311] analyzing module flopenrc__parameterized1_10
INFO: [VRFC 10-311] analyzing module flopenrc__parameterized1_11
INFO: [VRFC 10-311] analyzing module flopenrc__parameterized1_12
INFO: [VRFC 10-311] analyzing module flopr
INFO: [VRFC 10-311] analyzing module flopr__parameterized0
INFO: [VRFC 10-311] analyzing module flopr__parameterized1
INFO: [VRFC 10-311] analyzing module flopr__parameterized1_8
INFO: [VRFC 10-311] analyzing module flopr__parameterized2
INFO: [VRFC 10-311] analyzing module floprc
INFO: [VRFC 10-311] analyzing module floprc_14
INFO: [VRFC 10-311] analyzing module floprc__parameterized0
INFO: [VRFC 10-311] analyzing module floprc__parameterized1
INFO: [VRFC 10-311] analyzing module floprc__parameterized1_7
INFO: [VRFC 10-311] analyzing module floprc__parameterized2
INFO: [VRFC 10-311] analyzing module hilo_reg
INFO: [VRFC 10-311] analyzing module inst_mem
INFO: [VRFC 10-311] analyzing module mips
INFO: [VRFC 10-311] analyzing module mux2
INFO: [VRFC 10-311] analyzing module mux2_13
INFO: [VRFC 10-311] analyzing module mux2__parameterized0
INFO: [VRFC 10-311] analyzing module mux3
INFO: [VRFC 10-311] analyzing module mux3_0
INFO: [VRFC 10-311] analyzing module mux3_1
INFO: [VRFC 10-311] analyzing module mux3_2
INFO: [VRFC 10-311] analyzing module regfile
INFO: [VRFC 10-311] analyzing module top
INFO: [VRFC 10-311] analyzing module data_mem_blk_mem_gen_generic_cstr
INFO: [VRFC 10-311] analyzing module data_mem_blk_mem_gen_prim_width
INFO: [VRFC 10-311] analyzing module data_mem_blk_mem_gen_prim_wrapper
INFO: [VRFC 10-311] analyzing module data_mem_blk_mem_gen_top
INFO: [VRFC 10-311] analyzing module data_mem_blk_mem_gen_v8_3_6
INFO: [VRFC 10-311] analyzing module data_mem_blk_mem_gen_v8_3_6_synth
INFO: [VRFC 10-311] analyzing module inst_mem_blk_mem_gen_generic_cstr
INFO: [VRFC 10-311] analyzing module inst_mem_blk_mem_gen_prim_width
INFO: [VRFC 10-311] analyzing module inst_mem_blk_mem_gen_prim_wrapper_init
INFO: [VRFC 10-311] analyzing module inst_mem_blk_mem_gen_top
INFO: [VRFC 10-311] analyzing module inst_mem_blk_mem_gen_v8_3_6
INFO: [VRFC 10-311] analyzing module inst_mem_blk_mem_gen_v8_3_6_synth
INFO: [VRFC 10-311] analyzing module glbl
INFO: [VRFC 10-2263] Analyzing Verilog file "D:/Xilinx/singel_cpu/project_1/project_1.srcs/sim_1/new/testbench.v" into library xil_defaultlib
INFO: [VRFC 10-311] analyzing module testbench
