
*** Running vivado
    with args -log data_mem.vds -m64 -product Vivado -mode batch -messageDb vivado.pb -notrace -source data_mem.tcl


****** Vivado v2016.4 (64-bit)
  **** SW Build 1756540 on Mon Jan 23 19:11:23 MST 2017
  **** IP Build 1755317 on Mon Jan 23 20:30:07 MST 2017
    ** Copyright 1986-2016 Xilinx, Inc. All Rights Reserved.

source data_mem.tcl -notrace
Starting RTL Elaboration : Time (s): cpu = 00:00:11 ; elapsed = 00:00:16 . Memory (MB): peak = 286.145 ; gain = 75.684
INFO: [Synth 8-638] synthesizing module 'data_mem' [c:/Users/GlommyHand/Desktop/Workstation/Git/Five-level-flow-CPU/Five-level-flow-CPU.srcs/sources_1/ip/data_mem/synth/data_mem.vhd:69]
INFO: [Synth 8-256] done synthesizing module 'data_mem' (9#1) [c:/Users/GlommyHand/Desktop/Workstation/Git/Five-level-flow-CPU/Five-level-flow-CPU.srcs/sources_1/ip/data_mem/synth/data_mem.vhd:69]
Finished RTL Elaboration : Time (s): cpu = 00:01:11 ; elapsed = 00:01:18 . Memory (MB): peak = 485.332 ; gain = 274.871
Finished RTL Optimization Phase 1 : Time (s): cpu = 00:01:11 ; elapsed = 00:01:19 . Memory (MB): peak = 485.332 ; gain = 274.871
INFO: [Device 21-403] Loading part xc7a100tcsg324-1
Constraint Validation Runtime : Time (s): cpu = 00:00:00 ; elapsed = 00:00:00.260 . Memory (MB): peak = 553.633 ; gain = 0.000
Finished Constraint Validation : Time (s): cpu = 00:01:24 ; elapsed = 00:01:34 . Memory (MB): peak = 553.633 ; gain = 343.172
Finished Loading Part and Timing Information : Time (s): cpu = 00:01:24 ; elapsed = 00:01:34 . Memory (MB): peak = 553.633 ; gain = 343.172
Finished applying 'set_property' XDC Constraints : Time (s): cpu = 00:01:24 ; elapsed = 00:01:34 . Memory (MB): peak = 553.633 ; gain = 343.172
Finished RTL Optimization Phase 2 : Time (s): cpu = 00:01:24 ; elapsed = 00:01:34 . Memory (MB): peak = 553.633 ; gain = 343.172
Finished Cross Boundary and Area Optimization : Time (s): cpu = 00:01:25 ; elapsed = 00:01:35 . Memory (MB): peak = 553.633 ; gain = 343.172
Finished Applying XDC Timing Constraints : Time (s): cpu = 00:01:39 ; elapsed = 00:01:50 . Memory (MB): peak = 575.742 ; gain = 365.281
Finished Timing Optimization : Time (s): cpu = 00:01:39 ; elapsed = 00:01:50 . Memory (MB): peak = 576.684 ; gain = 366.223
Finished Technology Mapping : Time (s): cpu = 00:01:39 ; elapsed = 00:01:50 . Memory (MB): peak = 586.402 ; gain = 375.941
Finished IO Insertion : Time (s): cpu = 00:01:40 ; elapsed = 00:01:51 . Memory (MB): peak = 586.402 ; gain = 375.941
Finished Renaming Generated Instances : Time (s): cpu = 00:01:40 ; elapsed = 00:01:51 . Memory (MB): peak = 586.402 ; gain = 375.941
Finished Rebuilding User Hierarchy : Time (s): cpu = 00:01:40 ; elapsed = 00:01:51 . Memory (MB): peak = 586.402 ; gain = 375.941
Finished Renaming Generated Ports : Time (s): cpu = 00:01:40 ; elapsed = 00:01:51 . Memory (MB): peak = 586.402 ; gain = 375.941
Finished Handling Custom Attributes : Time (s): cpu = 00:01:40 ; elapsed = 00:01:51 . Memory (MB): peak = 586.402 ; gain = 375.941
Finished Renaming Generated Nets : Time (s): cpu = 00:01:40 ; elapsed = 00:01:51 . Memory (MB): peak = 586.402 ; gain = 375.941

Report Cell Usage: 
+------+---------+------+
|      |Cell     |Count |
+------+---------+------+
|1     |RAMB36E1 |     1|
+------+---------+------+
Finished Writing Synthesis Report : Time (s): cpu = 00:01:40 ; elapsed = 00:01:51 . Memory (MB): peak = 586.402 ; gain = 375.941
synth_design: Time (s): cpu = 00:01:38 ; elapsed = 00:01:46 . Memory (MB): peak = 616.047 ; gain = 405.586
